<?xml version="1.0" encoding="UTF-8"?>
<!-- Generated by org.testng.reporters.JUnitXMLReporter -->
<testsuite ignored="0" hostname="DESKTOP-K0ONJ7J" failures="1" tests="1" name="Test" time="13.482" errors="0" timestamp="2024-12-02T17:15:18 IST">
  <testcase classname="TestCases.TC2_Blogger" name="Validate_footer_ThemImage_clickable" time="3.77">
    <failure type="java.lang.AssertionError" message="expected [true] but found [false]">
      <![CDATA[java.lang.AssertionError: expected [true] but found [false]
at TestCases.TC2_Blogger.Validate_footer_ThemImage_clickable(TC2_Blogger.java:29)
at java.base/java.util.ArrayList.forEach(ArrayList.java:1596)
... Removed 29 stack frames]]>
    </failure>
  </testcase> <!-- Validate_footer_ThemImage_clickable -->
</testsuite> <!-- Test -->
